0001 Imports System
0002 Imports System.IO
0003 	
0004 ' Programa avanzado de ejemplo para análisis léxico
0005 Module ProyectoVB
0006     Sub Main()
0007         'Declaración de variables
0008         Dim numero1 As Integer = 7
0009         Dim numero2 As Double = 12.5
0010         Dim texto As String = "Resultado: "
0011         Dim esMayor As Boolean
0012 
0013         'Suma y comparación
0014         Dim suma As Double = numero1 + numero2
0015         esMayor = suma > 15
0016 
0017         'Condición anidada
0018         If esMayor Then
0019             Console.WriteLine(texto & "La suma es mayor que 15")
0020         ElseIf suma = 15 Then
0021             Console.WriteLine(texto & "La suma es exactamente 15")
0022         Else
0023             Console.WriteLine(texto & "La suma es menor que 15")
0024         End If
0025 
0026        'Llamada a función con parámetros
0027         	
0028         producto = Multiplicar(numero1, numero2)
0029         Console.WriteLine("El producto es: " & producto)
0030 
0031         ' Uso de operadores lógicos
0032         If esMayor And producto > 50 Then
0033             Console.WriteLine("La suma es mayor y el producto supera 50")
0034         End If
0035     End Sub
0036 
0037     ' Función para multiplicar dos números
0038     Function Multiplicar(a As Double, b As Double) As Double
0039         Return a * b
0040     End Function
0041 End Module

Error 506. Línea 0009. Tipo de dato no válido en declaración Dim: Double
Error 506. Línea 0014. Tipo de dato no válido en declaración Dim: Double
Error 521. Línea 0028. Variable no declarada: producto
